<?xml version="1.0" encoding="UTF-8"?>
<!-- Generated by org.testng.reporters.JUnitReportReporter -->
<testsuite hostname="DESKTOP-EJ545S4" failures="0" tests="1" name="jSON_Data.JSON_SelfCreated" time="4.125" errors="0" timestamp="2024-09-11T23:25:14 IST" skipped="0">
  <testcase classname="jSON_Data.JSON_SelfCreated" name="json_data" time="4.125"/>
</testsuite> <!-- jSON_Data.JSON_SelfCreated -->
