<?xml version="1.0" encoding="UTF-8"?>
<!-- Generated by org.testng.reporters.JUnitReportReporter -->
<testsuite hostname="DESKTOP-EJ545S4" failures="0" tests="2" name="post_Basics.Prog_6" time="1.403" errors="0" timestamp="2024-08-05T19:32:04 IST" skipped="0">
  <testcase classname="post_Basics.Prog_6" name="addBook" time="0.115"/>
  <testcase classname="post_Basics.Prog_6" name="addBook" time="1.288"/>
</testsuite> <!-- post_Basics.Prog_6 -->
