<?xml version="1.0" encoding="UTF-8"?>
<!-- Generated by org.testng.reporters.JUnitReportReporter -->
<testsuite hostname="DESKTOP-EJ545S4" failures="0" tests="1" name="serialization_DeSerialization.CreateNewUser" time="2.864" errors="0" timestamp="2024-09-12T22:19:45 IST" skipped="0">
  <testcase classname="serialization_DeSerialization.CreateNewUser" name="Create_User" time="2.864"/>
</testsuite> <!-- serialization_DeSerialization.CreateNewUser -->
