<?xml version="1.0" encoding="UTF-8"?>
<!-- Generated by org.testng.reporters.JUnitReportReporter -->
<testsuite hostname="DESKTOP-EJ545S4" failures="0" tests="1" name="dataBase_Connection_SQL.DataBase_Connection" time="0.323" errors="0" timestamp="2024-09-16T00:02:08 IST" skipped="0">
  <testcase classname="dataBase_Connection_SQL.DataBase_Connection" name="getConnection" time="0.323"/>
</testsuite> <!-- dataBase_Connection_SQL.DataBase_Connection -->
