<?xml version="1.0" encoding="UTF-8"?>
<!-- Generated by org.testng.reporters.JUnitReportReporter -->
<testsuite hostname="DESKTOP-EJ545S4" failures="0" tests="1" name="dataBase_Connection.DB_Connection" time="0.329" errors="0" timestamp="2024-09-15T23:49:59 IST" skipped="0">
  <testcase classname="dataBase_Connection.DB_Connection" name="getConnection" time="0.329"/>
</testsuite> <!-- dataBase_Connection.DB_Connection -->
