<?xml version="1.0" encoding="UTF-8"?>
<!-- Generated by org.testng.reporters.JUnitReportReporter -->
<testsuite hostname="DESKTOP-EJ545S4" failures="0" tests="2" name="authentication_Basics.Auth2_0_Auth" time="3.222" errors="0" timestamp="2024-08-07T01:30:20 IST" skipped="0">
  <testcase classname="authentication_Basics.Auth2_0_Auth" name="generateAccessToken" time="2.226"/>
  <testcase classname="authentication_Basics.Auth2_0_Auth" name="UserAccessToken" time="0.996"/>
</testsuite> <!-- authentication_Basics.Auth2_0_Auth -->
