<?xml version="1.0" encoding="UTF-8"?>
<!-- Generated by org.testng.reporters.JUnitReportReporter -->
<testsuite hostname="DESKTOP-EJ545S4" failures="0" tests="1" name="request_Response_Specification.Using_Spec_Builder" time="1.579" errors="0" timestamp="2024-09-12T23:39:51 IST" skipped="0">
  <testcase classname="request_Response_Specification.Using_Spec_Builder" name="GetRequest" time="1.579"/>
</testsuite> <!-- request_Response_Specification.Using_Spec_Builder -->
