<?xml version="1.0" encoding="UTF-8"?>
<!-- Generated by org.testng.reporters.JUnitReportReporter -->
<testsuite hostname="DESKTOP-EJ545S4" failures="0" tests="1" name="mISC_Topic.Session_Filter" time="1.185" errors="0" timestamp="2024-08-09T00:40:03 IST" skipped="0">
  <testcase classname="mISC_Topic.Session_Filter" name="display" time="1.185"/>
</testsuite> <!-- mISC_Topic.Session_Filter -->
