<?xml version="1.0" encoding="UTF-8"?>
<!-- Generated by org.testng.reporters.JUnitReportReporter -->
<testsuite hostname="DESKTOP-EJ545S4" failures="0" tests="1" name="day1.HTTP_request" time="1.879" errors="0" timestamp="2024-04-20T20:18:33 IST" skipped="0">
  <testcase classname="day1.HTTP_request" name="get_user" time="1.879"/>
</testsuite> <!-- day1.HTTP_request -->
